<?xml version="1.0" encoding="UTF-8"?>
<testsuite xmlns:xsi="http://www.w3.org/2001/XMLSchema-instance" xsi:noNamespaceSchemaLocation="https://maven.apache.org/surefire/maven-surefire-plugin/xsd/surefire-test-report-3.0.xsd" version="3.0" name="org.selenide.examples.myapp.selenide_page_object.AppTest" time="3.299" tests="1" errors="0" skipped="0" failures="0">
  <properties>
[...]
</properties>
  <testcase name="userCanAdd" classname="org.selenide.examples.myapp.selenide_page_object.AppTest" time="3.278">
    <system-err><![CDATA[[main] INFO com.codeborne.selenide.impl.WebDriverThreadLocalContainer - No webdriver is bound to current thread: 1 - let's create a new webdriver
[main] INFO com.codeborne.selenide.impl.FileHelper - Creating folder: /Users/chamma/gh-minikibe/build/downloads/1698702852438_93550_1
[main] INFO com.codeborne.selenide.webdriver.WebDriverFactory - BrowserName=chrome Version=118.0.5993.117 Platform=mac
[main] INFO com.codeborne.selenide.webdriver.WebDriverFactory - Selenide v. 7.0.1
[main] INFO com.codeborne.selenide.webdriver.WebDriverFactory - Selenium WebDriver v. 4.14.1 build revision: 03f8ede370
[main] INFO com.codeborne.selenide.drivercommands.CreateDriverCommand - Created webdriver in thread 1: ChromeDriver -> ChromeDriver: chrome on mac (65d6f81b5e95f9b71b7bd0b333b064c7), downloadsFolder: /Users/chamma/gh-minikibe/build/downloads/1698702852438_93550_1
[main] INFO com.codeborne.selenide.drivercommands.DisposablesRegistry - Register WebDriverInstance[config=StaticConfig, webDriver=ChromeDriver: chrome on mac (65d6f81b5e95f9b71b7bd0b333b064c7), proxy=null, downloadsFolder=/Users/chamma/gh-minikibe/build/downloads/1698702852438_93550_1] in 1 [size=1]
[main] INFO com.codeborne.selenide.drivercommands.DisposablesRegistry - Add shutdown hook in 1 [size=1]
]]></system-err>
  </testcase>
</testsuite>